********************************************************************************
DUPLICATOR-LITE PACKAGE-LOG: October 25, 2018 8:31 pm
NOTICE: Do NOT post to public sites or forums 
********************************************************************************
VERSION:	1.2.52
WORDPRESS:	4.9.8
PHP INFO:	5.6.38 | SAPI: fpm-fcgi
SERVER:		Apache 
PHP TIME LIMIT: (0) no time limit imposed 
PHP MAX MEMORY: 2048M (2048M default) 
MEMORY STACK: 45.25MB 

********************************************************************************
DATABASE:
********************************************************************************
BUILD MODE:   MYSQLDUMP
MYSQLTIMEOUT: 5000
MYSQLDUMP:    Is Supported 
FILTERED: [] 
RESPONSE: Ran from /usr/bin/mysqldump 
TABLES: total:37 | filtered:0 | create:37 
SQL CREATED: 20181025_theyoungfirm_7aec1002ab6bf44d7302_20181025203029_database.sql 
SQL FILE SIZE: 29.32MB (30744492) 
SQL FILE TIME: 2018-10-25 20:31:02 
SQL RUNTIME: 0.71 sec. 

******************************************************************************** 
ARCHIVE (ZIP): 
******************************************************************************** 
ARCHIVE DIR:  /var/www/new.jonesactlaw.com/public_html 
ARCHIVE FILE: 20181025_theyoungfirm_7aec1002ab6bf44d7302_20181025203029_archive.zip 
FILTERS: *OFF* 
DIRS:
	not set 
FILES:
	not set 
EXTS:  not set 
---------------------------------------- 
COMPRESSING 
SIZE:	2.64GB 
STATS:	Dirs 949 | Files 12,819 
SQL ADDED: 20181025_theyoungfirm_7aec1002ab6bf44d7302_20181025203029_database.sql 
ZipArchive Object
(
    [status] => 0
    [statusSys] => 0
    [numFiles] => 13768
    [filename] => /var/www/new.jonesactlaw.com/public_html/wp-snapshots/tmp/20181025_theyoungfirm_7aec1002ab6bf44d7302_20181025203029_archive.zip
    [comment] => 
)
 
COMPRESSION RESULT: '1' 
COMPRESSED SIZE: 2.45GB 
ARCHIVE RUNTIME: 120.68 sec. 
MEMORY STACK: 51.75MB 

******************************************************************************** 
MAKE INSTALLER: 
******************************************************************************** 
Build Start 
Build Finished 
Preparing for use 
PACK SIZE:  
Template parsed with new data 
Complete [/var/www/new.jonesactlaw.com/public_html/wp-snapshots/tmp/20181025_theyoungfirm_7aec1002ab6bf44d7302_20181025203029_installer.php] 
Added to archive 

******************************************************************************** 
INTEGRITY CHECKS: 
******************************************************************************** 
SQL File: 29.32MB 
Installer File: 514.18KB 
Archive File: 2.45GB  

********************************************************************************
RECORD ID:[3]
TOTAL PROCESS RUNTIME: 139.61 sec.
PEAK PHP MEMORY USED: 54MB
DONE PROCESSING => 20181025_theyoungfirm October 25, 2018 8:33 pm
 
